0
1
1
4
4
9
9
16
16
25
25
36
36
49
49
64
64
81
81
100
100
121
121
144
144
169
169
196
196
225
225
256
256
289
289
324
324
361
361
400
400
441
441
484
484
529
529
576
576
625
625
676
676
729
729
784
784
841
841
900
900
961
961
1024
1024
1089
1089
1156
1156
1225
1225
1296
1296
1369
1369
1444
1444
1521
1521
1600
1600
1681
1681
1764
1764
1849
1849
1936
1936
2025
2025
2116
2116
2209
2209
2304
2304
2401
2401
2500
2500
2601
2601
2704
2704
2809
2809
2916
2916
3025
3025
3136
3136
3249
3249
3364
3364
3481
3481
3600
3600
3721
3721
3844
3844
3969
3969
4096
4096
4225
4225
4356
4356
4489
4489
4624
4624
4761
4761
4900
4900
5041
5041
5184
5184
5329
5329
5476
5476
5625
5625
5776
5776
5929
5929
6084
6084
6241
6241
6400
6400
6561
6561
6724
6724
6889
6889
7056
7056
7225
7225
7396
7396
7569
7569
7744
7744
7921
7921
8100
8100
8281
8281
8464
8464
8649
8649
8836
8836
9025
9025
9216
9216
9409
9409
9604
9604
9801
9801
10000
10000
10201
10201
10404
10404
10609
10609
10816
10816
11025
11025
11236
11236
11449
11449
11664
11664
11881
11881
12100
12100
12321
12321
12544
12544
12769
12769
12996
12996
13225
13225
13456
13456
13689
13689
13924
13924
14161
14161
14400
14400
14641
14641
14884
14884
15129
15129
15376
15376
15625
15625
15876
15876
16129
16129
16384
16384
16641
16641
16900
16900
17161
17161
17424
17424
17689
17689
17956
17956
18225
18225
18496
18496
18769
18769
19044
19044
19321
19321
19600
19600
19881
19881
20164
20164
20449
20449
20736
20736
21025
21025
21316
21316
21609
21609
21904
21904
22201
22201
22500
22500
22801
22801
23104
23104
23409
23409
23716
23716
24025
24025
24336
24336
24649
24649
24964
24964
25281
25281
25600
25600
25921
25921
26244
26244
26569
26569
26896
26896
27225
27225
27556
27556
27889
27889
28224
28224
28561
28561
28900
28900
29241
29241
29584
29584
29929
29929
30276
30276
30625
30625
30976
30976
31329
31329
31684
31684
32041
32041
32400
32400
32761
32761
33124
33124
33489
33489
33856
33856
34225
34225
34596
34596
34969
34969
35344
35344
35721
35721
36100
36100
36481
36481
36864
36864
37249
37249
37636
37636
38025
38025
38416
38416
38809
38809
39204
39204
39601
39601
40000
40000
40401
40401
40804
40804
41209
41209
41616
41616
42025
42025
42436
42436
42849
42849
43264
43264
43681
43681
44100
44100
44521
44521
44944
44944
45369
45369
45796
45796
46225
46225
46656
46656
47089
47089
47524
47524
47961
47961
48400
48400
48841
48841
49284
49284
49729
49729
50176
50176
50625
50625
51076
51076
51529
51529
51984
51984
52441
52441
52900
52900
53361
53361
53824
53824
54289
54289
54756
54756
55225
55225
55696
55696
56169
56169
56644
56644
57121
57121
57600
57600
58081
58081
58564
58564
59049
59049
59536
59536
60025
60025
60516
60516
61009
61009
61504
61504
62001
62001
62500
62500
63001
63001
63504
63504
64009
64009
64516
64516
65025
65025
65536
65536
66049
66049
66564
66564
67081
67081
67600
67600
68121
68121
68644
68644
69169
69169
69696
69696
70225
70225
70756
70756
71289
71289
71824
71824
72361
72361
72900
72900
73441
73441
73984
73984
74529
74529
75076
75076
75625
75625
76176
76176
76729
76729
77284
77284
77841
77841
78400
78400
78961
78961
79524
79524
80089
80089
80656
80656
81225
81225
81796
81796
82369
82369
82944
82944
83521
83521
84100
84100
84681
84681
85264
85264
85849
85849
86436
86436
87025
87025
87616
87616
88209
88209
88804
88804
89401
89401
90000
90000
90601
90601
91204
91204
91809
91809
92416
92416
93025
93025
93636
93636
94249
94249
94864
94864
95481
95481
96100
96100
96721
96721
97344
97344
97969
97969
98596
98596
99225
99225
99856
99856
100489
100489
101124
101124
101761
101761
102400
102400
103041
103041
103684
103684
104329
104329
104976
104976
105625
105625
106276
106276
106929
106929
107584
107584
108241
108241
108900
108900
109561
109561
110224
110224
110889
110889
111556
111556
112225
112225
112896
112896
113569
113569
114244
114244
114921
114921
115600
115600
116281
116281
116964
116964
117649
117649
118336
118336
119025
119025
119716
119716
120409
120409
121104
121104
121801
121801
122500
122500
123201
123201
123904
123904
124609
124609
125316
125316
126025
126025
126736
126736
127449
127449
128164
128164
128881
128881
129600
129600
130321
130321
131044
131044
131769
131769
132496
132496
133225
133225
133956
133956
134689
134689
135424
135424
136161
136161
136900
136900
137641
137641
138384
138384
139129
139129
139876
139876
140625
140625
141376
141376
142129
142129
142884
142884
143641
143641
144400
144400
145161
145161
145924
145924
146689
146689
147456
147456
148225
148225
148996
148996
149769
149769
150544
150544
151321
151321
152100
152100
152881
152881
153664
153664
154449
154449
155236
155236
156025
156025
156816
156816
157609
157609
158404
158404
159201
159201
160000
160000
160801
160801
161604
161604
162409
162409
163216
163216
164025
164025
164836
164836
165649
165649
166464
166464
167281
167281
168100
168100
168921
168921
169744
169744
170569
170569
171396
171396
172225
172225
173056
173056
173889
173889
174724
174724
175561
175561
176400
176400
177241
177241
178084
178084
178929
178929
179776
179776
180625
180625
181476
181476
182329
182329
183184
183184
184041
184041
184900
184900
185761
185761
186624
186624
187489
187489
188356
188356
189225
189225
190096
190096
190969
190969
191844
191844
192721
192721
193600
193600
194481
194481
195364
195364
196249
196249
197136
197136
198025
198025
198916
198916
199809
199809
200704
200704
201601
201601
202500
202500
203401
203401
204304
204304
205209
205209
206116
206116
207025
207025
207936
207936
208849
208849
209764
209764
210681
210681
211600
211600
212521
212521
213444
213444
214369
214369
215296
215296
216225
216225
217156
217156
218089
218089
219024
219024
219961
219961
220900
220900
221841
221841
222784
222784
223729
223729
224676
224676
225625
225625
226576
226576
227529
227529
228484
228484
229441
229441
230400
230400
231361
231361
232324
232324
233289
233289
234256
234256
235225
235225
236196
236196
237169
237169
238144
238144
239121
239121
240100
240100
241081
241081
242064
242064
243049
243049
244036
244036
245025
245025
246016
246016
247009
247009
248004
248004
249001
249001
250000
0.25
1.249
4.248
9.24701
16.246
25.245
36.244
49.243
64.2421
81.2411
100.24
121.239
144.238
169.237
196.236
225.235
256.234
289.233
324.232
361.231
400.23
441.229
484.228
529.228
576.227
625.226
676.225
729.224
784.223
841.222
900.221
961.22
1024.22
1089.22
1156.22
1225.22
1296.22
1369.21
1444.21
1521.21
1600.21
1681.21
1764.21
1849.21
1936.21
2025.21
2116.21
2209.21
2304.2
2401.2
2500.2
2601.2
2704.2
2809.2
2916.2
3025.2
3136.2
3249.2
3364.2
3481.19
3600.19
3721.19
3844.19
3969.19
4096.19
4225.19
4356.19
4489.19
4624.19
4761.19
4900.18
5041.18
5184.18
5329.18
5476.18
5625.18
5776.18
5929.18
6084.18
6241.18
6400.18
6561.18
6724.17
6889.17
7056.17
7225.17
7396.17
7569.17
7744.17
7921.17
8100.17
8281.17
8464.17
8649.17
8836.16
9025.16
9216.16
9409.16
9604.16
9801.16
9900.16
10100.2
10302.2
10506.2
10712.2
10920.2
11130.2
11342.2
11556.2
11772.2
11990.2
12210.2
12432.2
12656.1
12882.1
13110.1
13340.1
13572.1
13806.1
14042.1
14280.1
14520.1
14762.1
15006.1
15252.1
15500.1
15750.1
16002.1
16256.1
16512.1
16770.1
17030.1
17292.1
17556.1
17822.1
18090.1
18360.1
18632.1
18906.1
19182.1
19460.1
19740.1
20022.1
20306.1
20592.1
20880.1
21170.1
21462.1
21756.1
22052.1
22350.1
22650.1
22952.1
23256.1
23562.1
23870.1
24180.1
24492.1
24806.1
25122.1
25440.1
25760.1
26082.1
26406.1
26732.1
27060.1
27390.1
27722.1
28056.1
28392.1
28730.1
29070.1
29412.1
29756.1
30102.1
30450.1
30800.1
31152.1
31506.1
31862.1
32220.1
32580.1
32942.1
33306.1
33672.1
34040.1
34410.1
34782.1
35156.1
35532.1
35910.1
36290.1
36672.1
37056.1
37442.1
37830.1
38220.1
38612.1
39006.1
39402.1
39402.1
39800.1
40200.1
40602.1
41006.1
41412.1
41820.1
42230.1
42642.1
43056.1
43472.1
43890.1
44310.1
44732.1
45156.1
45582.1
46010.1
46440.1
46872.1
47306.1
47742.1
48180.1
48620.1
49062.1
49506.1
49952.1
50400.1
50850.1
51302.1
51756.1
52212.1
52670.1
53130.1
53592.1
54056.1
54522.1
54990.1
55460.1
55932.1
56406.1
56882.1
57360.1
57840.1
58322.1
58806.1
59292.1
59780.1
60270.1
60762.1
61256.1
61752.1
62250.1
62750.1
63252.1
63756.1
64262.1
64770.1
65280.1
65792.1
66306.1
66822.1
67340.1
67860.1
68382.1
68906.1
69432.1
69960.1
70490.1
71022.1
71556.1
72092.1
72630.1
73170.1
73712.1
74256.1
74802.1
75350.1
75900
76452
77006
77562
78120
78680
79242
79806
80372
80940
81510
82082
82656
83232
83810
84390
84972
85556
86142
86730
87320
87912
88506
88803
89400
89999
90600
91203
91808
92415
93024
93635
94248
94863
95480
96099
96720
97343
97968
98595
99224
99855
100488
101123
101760
102399
103040
103683
104328
104975
105624
106275
106928
107583
108240
108899
109560
110223
110888
111555
112224
112895
113568
114243
114920
115599
116280
116963
117648
118335
119024
119715
120408
121103
121800
122499
123200
123903
124608
125315
126024
126735
127448
128163
128880
129599
130320
131043
131768
132495
133224
133955
134688
135423
136160
136899
137640
138383
139128
139875
140624
141375
142128
142883
143640
144399
145160
145923
146688
147455
148224
148995
149768
150543
151320
152099
152880
153663
154448
155235
156024
156815
157608
157608
158403
159200
159999
160800
161603
162408
163215
164024
164835
165648
166463
167280
168099
168920
169743
170568
171395
172224
173055
173888
174723
175560
176399
177240
178083
178928
179775
180624
181475
182328
183183
184040
184899
185760
186623
187488
188355
189224
190095
190968
191843
192720
193599
194480
195363
196248
197135
198024
198915
199808
200703
201600
202499
203400
204303
205208
206115
207024
207935
208848
209763
210680
211599
212520
213443
214368
215295
216224
217155
218088
219023
219960
220899
221840
222783
223728
224675
225624
226575
227528
228483
229440
230399
231360
232323
233288
234255
235224
236195
237168
238143
239120
240099
241080
242063
243048
244035
245024
246015
246510
247504
248500
249498
250498
251500
252504
253510
254518
255528
256540
257554
258570
259588
260608
261630
262654
263680
264708
265738
266770
267804
268840
269878
270918
271960
273004
274050
275098
276148
277200
278254
279310
280368
281428
282490
283554
284620
285688
286758
287830
288904
289980
291058
292138
293220
294304
295390
296478
297568
298660
299754
300850
301948
303048
304150
305254
306360
307468
308578
309690
310804
311920
313038
314158
315280
316404
317530
318658
319788
320920
322054
323190
324328
325468
326610
327754
328900
330048
331198
332350
333504
334660
335818
336978
338140
339304
340470
341638
342808
343980
345154
346330
347508
348688
349870
351054
352240
353428
354618
354618
355810
357004
358200
359398
360598
361800
363004
364210
365418
366628
367840
369054
370270
371488
372708
373930
375154
376380
377608
378838
380070
381304
382540
383778
385018
386260
387504
388750
389998
391248
392500
393754
395010
396268
397528
398790
400054
401320
402588
403858
405130
406404
407680
408958
410238
411520
412804
414090
415378
416668
417960
419254
420550
421848
423148
424450
425754
427060
428368
429678
430990
432304
433620
434938
436258
437580
438904
440230
441558
442888
444220
445554
446890
448228
449568
450910
452254
453600
454948
456298
457650
459004
460360
461718
463078
464440
465804
467170
468538
469908
471280
472654
474030
475408
476788
478170
479554
480940
482328
483021
484412
485805
487200
488597
489996
491397
492800
494205
495612
497021
498432
499845
501260
502677
504096
505517
506940
508365
509792
511221
512652
514085
515520
516957
518396
519837
521280
522725
524172
525621
527072
528525
529980
531437
532896
534357
535820
537285
538752
540221
541692
543165
544640
546117
547596
549077
550560
552045
553532
555021
556512
558005
559500
560997
562496
563997
565500
567005
568512
570021
571532
573045
574560
576077
577596
579117
580640
582165
583692
585221
586752
588285
589820
591357
592896
594437
595980
597525
599072
600621
602172
603725
605280
606837
608396
609957
611520
613085
614652
616221
617792
619365
620940
622517
624096
625677
627260
628845
630432
630432
632021
633612
635205
636800
638397
639996
641597
643200
644805
646412
648021
649632
651245
652860
654477
656096
657717
659340
660965
662592
664221
665852
667485
669120
670757
672396
674037
675680
677325
678972
680621
682272
683925
685580
687237
688896
690557
692220
693885
695552
697221
698892
700565
702240
703917
705596
707277
708960
710645
712332
714021
715712
717405
719100
720797
722496
724197
725900
727605
729312
731021
732732
734445
736160
737877
739596
741317
743040
744765
746492
748221
749952
751685
753420
755157
756896
758637
760380
762125
763872
765621
767372
769125
770880
772637
774396
776157
777920
779685
781452
783221
784992
786765
788540
790317
792096
793877
795660
797445
798336
800124
801914
803706
805500
807296
809094
810894
812696
814500
816306
818114
819924
821736
823550
825366
827184
829004
830826
832650
834476
836304
838134
839966
841800
843636
845474
847314
849156
851000
852846
854694
856544
858396
860250
862106
863964
865824
867686
869550
871416
873284
875154
877026
878900
880776
882654
884534
886416
888300
890186
892074
893964
895856
897750
899646
901544
903444
905346
907250
909156
911064
912974
914886
916800
918716
920634
922554
924476
926400
928326
930254
932184
934116
936050
937986
939924
941864
943806
945750
947696
949644
951594
953546
955500
957456
959414
961374
963336
965300
967266
969234
971204
973176
975150
977126
979104
981084
983066
985050
