not graduate
not graduate
not graduate
not graduate
not graduate
not graduate
not graduate
not graduate
not graduate
not graduate
not graduate
not graduate
not graduate
not graduate
not graduate
graduate
graduate
graduate
graduate
graduate
graduate
graduate
graduate
graduate
graduate
null
null
null
null
null
null
null
null
null
null
a
b
c
d
e
f
g
h
i
j
ab
bb
cb
db
eb
null
null
null
null
null
null
null
null
null
null
fc
gc
hc
ic
jc
ad
bd
cd
dd
ed
fd
gd
hd
id
jd
ae
be
ce
de
ee
fe
ge
he
ie
je
af
bf
cf
df
ef
ff
gf
hf
if
jf
ag
bg
cg
dg
eg
fg
gg
hg
ig
jg
ah
bh
ch
dh
eh
fh
gh
hh
ih
jh
ai
bi
ci
di
ei
fi
gi
hi
ii
ji
aj
bj
cj
dj
ej
fj
gj
hj
ij
jj
aab
bab
cab
dab
eab
fab
gab
hab
iab
jab
abb
bbb
cbb
dbb
ebb
fbb
gbb
hbb
ibb
jbb
acb
bcb
ccb
dcb
ecb
fcb
gcb
hcb
icb
jcb
adb
bdb
cdb
ddb
edb
fdb
gdb
hdb
idb
jdb
aeb
beb
ceb
deb
eeb
feb
geb
heb
ieb
jeb
afb
bfb
cfb
dfb
efb
ffb
gfb
hfb
ifb
jfb
agb
bgb
cgb
dgb
egb
fgb
ggb
hgb
igb
jgb
ahb
bhb
chb
dhb
ehb
fhb
ghb
hhb
ihb
jhb
aib
bib
cib
dib
eib
fib
gib
hib
iib
jib
ajb
bjb
cjb
djb
ejb
fjb
gjb
hjb
ijb
jjb
aac
bac
cac
dac
eac
fac
gac
hac
iac
jac
abc
bbc
cbc
dbc
ebc
fbc
gbc
hbc
ibc
jbc
acc
bcc
ccc
dcc
ecc
fcc
gcc
hcc
icc
jcc
adc
bdc
cdc
ddc
edc
fdc
gdc
hdc
idc
jdc
aec
bec
cec
dec
eec
fec
gec
hec
iec
jec
afc
bfc
cfc
dfc
efc
ffc
gfc
hfc
ifc
jfc
agc
bgc
cgc
dgc
egc
fgc
ggc
hgc
igc
jgc
ahc
bhc
chc
dhc
ehc
fhc
ghc
hhc
ihc
jhc
aic
bic
cic
dic
eic
fic
gic
hic
iic
jic
ajc
bjc
cjc
djc
ejc
fjc
gjc
hjc
ijc
jjc
aad
bad
cad
dad
ead
fad
gad
had
iad
jad
abd
bbd
cbd
dbd
ebd
fbd
gbd
hbd
ibd
jbd
acd
bcd
ccd
dcd
ecd
fcd
gcd
hcd
icd
jcd
add
bdd
cdd
ddd
edd
fdd
gdd
hdd
idd
jdd
aed
bed
ced
ded
eed
fed
ged
hed
ied
jed
afd
bfd
cfd
dfd
efd
ffd
gfd
hfd
ifd
jfd
agd
bgd
cgd
dgd
egd
fgd
ggd
hgd
igd
jgd
ahd
bhd
chd
dhd
ehd
fhd
ghd
hhd
ihd
jhd
aid
bid
cid
did
eid
fid
gid
hid
iid
jid
ajd
bjd
cjd
djd
ejd
fjd
gjd
hjd
ijd
jjd
aae
bae
cae
dae
eae
fae
gae
hae
iae
jae
abe
bbe
cbe
dbe
ebe
fbe
gbe
hbe
ibe
jbe
ace
bce
cce
dce
ece
fce
gce
hce
ice
jce
ade
bde
cde
dde
ede
fde
gde
hde
ide
jde
aee
bee
cee
dee
eee
fee
gee
hee
iee
jee
afe
bfe
cfe
dfe
efe
ffe
gfe
hfe
ife
jfe
age
bge
cge
dge
ege
fge
gge
hge
ige
jge
ahe
bhe
che
dhe
ehe
fhe
ghe
hhe
ihe
jhe
aie
bie
cie
die
eie
fie
gie
hie
iie
jie
aje
bje
cje
dje
eje
fje
gje
hje
ije
jje
aaf
baf
caf
daf
eaf
faf
gaf
haf
iaf
jaf
abf
bbf
cbf
dbf
ebf
fbf
gbf
hbf
ibf
jbf
acf
bcf
ccf
dcf
ecf
fcf
gcf
hcf
icf
jcf
adf
bdf
cdf
ddf
edf
fdf
gdf
hdf
idf
jdf
aef
bef
cef
def
eef
fef
gef
hef
ief
jef
aff
bff
cff
dff
eff
fff
gff
hff
iff
jff
agf
bgf
cgf
dgf
egf
fgf
ggf
hgf
igf
jgf
ahf
bhf
chf
dhf
ehf
fhf
ghf
hhf
ihf
jhf
aif
bif
cif
dif
eif
fif
gif
hif
iif
jif
ajf
bjf
cjf
djf
ejf
fjf
gjf
hjf
ijf
jjf
aag
bag
cag
dag
eag
fag
gag
hag
iag
jag
abg
bbg
cbg
dbg
ebg
fbg
gbg
hbg
ibg
jbg
acg
bcg
ccg
dcg
ecg
fcg
gcg
hcg
icg
jcg
adg
bdg
cdg
ddg
edg
fdg
gdg
hdg
idg
jdg
aeg
beg
ceg
deg
eeg
feg
geg
heg
ieg
jeg
afg
bfg
cfg
dfg
efg
ffg
gfg
hfg
ifg
jfg
agg
bgg
cgg
dgg
egg
fgg
ggg
hgg
igg
jgg
ahg
bhg
chg
dhg
ehg
fhg
ghg
hhg
ihg
jhg
aig
big
cig
dig
eig
fig
gig
hig
iig
jig
ajg
bjg
cjg
djg
ejg
fjg
gjg
hjg
ijg
jjg
aah
bah
cah
dah
eah
fah
gah
hah
iah
jah
abh
bbh
cbh
dbh
ebh
fbh
gbh
hbh
ibh
jbh
ach
bch
cch
dch
ech
fch
gch
hch
ich
jch
adh
bdh
cdh
ddh
edh
fdh
gdh
hdh
idh
jdh
aeh
beh
ceh
deh
eeh
feh
geh
heh
ieh
jeh
afh
bfh
cfh
dfh
efh
ffh
gfh
hfh
ifh
jfh
agh
bgh
cgh
dgh
egh
fgh
ggh
hgh
igh
jgh
ahh
bhh
chh
dhh
ehh
fhh
ghh
hhh
ihh
jhh
aih
bih
cih
dih
eih
fih
gih
hih
iih
jih
ajh
bjh
cjh
djh
ejh
fjh
gjh
hjh
ijh
jjh
aai
bai
cai
dai
eai
fai
gai
hai
iai
jai
abi
bbi
cbi
dbi
ebi
fbi
gbi
hbi
ibi
jbi
aci
bci
cci
dci
eci
fci
gci
hci
ici
jci
adi
bdi
cdi
ddi
edi
fdi
gdi
hdi
idi
jdi
aei
bei
cei
dei
eei
fei
gei
hei
iei
jei
afi
bfi
cfi
dfi
efi
ffi
gfi
hfi
ifi
jfi
agi
bgi
cgi
dgi
egi
fgi
ggi
hgi
igi
jgi
ahi
bhi
chi
dhi
ehi
fhi
ghi
hhi
ihi
jhi
aii
bii
cii
dii
eii
fii
gii
hii
iii
jii
aji
bji
cji
dji
eji
fji
gji
hji
iji
jji
aaj
baj
caj
daj
eaj
faj
gaj
haj
iaj
jaj
abj
bbj
cbj
dbj
ebj
fbj
gbj
hbj
ibj
jbj
acj
bcj
ccj
dcj
ecj
fcj
gcj
hcj
icj
jcj
adj
bdj
cdj
ddj
edj
fdj
gdj
hdj
idj
jdj
aej
bej
cej
dej
eej
fej
gej
hej
iej
jej
afj
bfj
cfj
dfj
efj
ffj
gfj
hfj
ifj
jfj
agj
bgj
cgj
dgj
egj
fgj
ggj
hgj
igj
jgj
ahj
bhj
chj
dhj
ehj
fhj
ghj
hhj
ihj
jhj
aij
bij
cij
dij
eij
fij
gij
hij
iij
jij
ajj
bjj
cjj
djj
ejj
fjj
gjj
hjj
ijj
jjj
null
null
null
null
null
null
null
null
null
null
null
null
null
null
null
null
null
null
null
null
null
null
null
null
null
null
null
null
null
null
null
null
null
null
null
null
null
null
null
null
null
null
null
null
null
null
null
null
null
null
null
null
null
null
null
null
null
null
null
null
null
null
null
null
null
null
null
null
null
null
null
null
null
null
null
null
null
null
null
null
null
null
null
null
null
null
null
null
null
null
null
null
null
null
null
null
null
null
null
null
